<?xml version="1.0" encoding="UTF-8"?>
<testng-results skipped="0" failed="0" ignored="0" total="1" passed="1">
  <reporter-output>
  </reporter-output>
  <suite name="Default suite" duration-ms="42" started-at="2022-11-08T21:06:35 GMT" finished-at="2022-11-08T21:06:35 GMT">
    <groups>
    </groups>
    <test name="Default test" duration-ms="42" started-at="2022-11-08T21:06:35 GMT" finished-at="2022-11-08T21:06:35 GMT">
      <class name="org.testing.man.TN1_Welcome">
        <test-method status="PASS" signature="method()[pri:0, instance:org.testing.man.TN1_Welcome@59906517]" name="method" duration-ms="9" started-at="2022-11-08T21:06:35 GMT" description="open browser" finished-at="2022-11-08T21:06:35 GMT">
          <reporter-output>
          </reporter-output>
        </test-method> <!-- method -->
      </class> <!-- org.testing.man.TN1_Welcome -->
    </test> <!-- Default test -->
  </suite> <!-- Default suite -->
</testng-results>
